2024-08-08 04:12:30,474 - INFO - This is an info message.
2024-08-08 04:12:30,474 - WARNING - This is a warning message.
2024-08-08 04:12:30,474 - ERROR - This is an error message.
2024-08-08 04:12:30,474 - CRITICAL - This is a critical message.
2024-08-08 04:12:37,241 - INFO - This is an info message.
2024-08-08 04:12:37,241 - WARNING - This is a warning message.
2024-08-08 04:12:37,241 - ERROR - This is an error message.
2024-08-08 04:12:37,241 - CRITICAL - This is a critical message.
2024-08-08 04:12:37,243 - INFO - Attempting to bring window with handle 264844 to foreground.
2024-08-08 04:13:18,675 - INFO - This is an info message.
2024-08-08 04:13:18,675 - WARNING - This is a warning message.
2024-08-08 04:13:18,675 - ERROR - This is an error message.
2024-08-08 04:13:18,680 - CRITICAL - This is a critical message.
2024-08-08 04:13:18,681 - INFO - Attempting to bring window with handle 264844 to foreground.
2024-08-08 04:13:18,692 - INFO - Attempting to bring window with handle 264844 to foreground.
2024-08-08 04:14:23,712 - INFO - This is an info message.
2024-08-08 04:14:23,713 - WARNING - This is a warning message.
2024-08-08 04:14:23,713 - ERROR - This is an error message.
2024-08-08 04:14:23,713 - CRITICAL - This is a critical message.
2024-08-08 04:14:23,714 - INFO - Attempting to bring window with handle 264844 to foreground.
2024-08-08 04:14:23,718 - INFO - Attempting to bring window with handle 264844 to foreground.
